<?xml version="1.0" encoding="UTF-8"?>
<!-- Generated by org.testng.reporters.JUnitXMLReporter -->
<testsuite hostname="DESKTOP-ALEB1IN" failures="0" tests="13" name="Surefire test" time="212.416" errors="0" timestamp="24 Sep 2024 15:52:18 GMT">
  <testcase classname="test.com.itexps.AddFavoritesTest" name="testAddFavoritesTestCase" time="27.866"/>
  <testcase classname="test.com.itexps.AddProductTest" name="testAddProductTestCase" time="34.126"/>
  <testcase classname="test.com.itexps.CreateProfileTest" name="testCreateProfileTest" time="18.076"/>
  <testcase classname="test.com.itexps.FilterSearchTest" name="testFilterSearchTestCase" time="20.072"/>
  <testcase classname="test.com.itexps.FindStoreTest" name="testFindStoreTestCase" time="8.202"/>
  <testcase classname="test.com.itexps.GiftCardTest" name="testGiftCardTestCase" time="14.463"/>
  <testcase classname="test.com.itexps.ItemNotFoundTest" name="testItemNotFoundTestCase" time="7.778"/>
  <testcase classname="test.com.itexps.LoginTest" name="testLoginTestCase" time="13.106"/>
  <testcase classname="test.com.itexps.myIkeaDropdownTest" name="testDropDownTestCase" time="18.64"/>
  <testcase classname="test.com.itexps.myIkeaMouseTest" name="testMouseHoverTestCase" time="5.676"/>
  <testcase classname="test.com.itexps.myIkeaScrollTest" name="testScroll" time="9.439"/>
  <testcase classname="test.com.itexps.SearchTest" name="testSearchTestCase" time="9.447"/>
  <testcase classname="test.com.itexps.ZipLocatorTest" name="testZipLocatorTestCase" time="4.799"/>
</testsuite> <!-- Surefire test -->
